Start testing: May 31 12:01 IST
----------------------------------------------------------
1/10 Testing: FiniteFieldTest.AdditionWrapsCorrectly
1/10 Test: FiniteFieldTest.AdditionWrapsCorrectly
Command: "/home/mayank/Desktop/Personal/Secret_Sharing/build/tests/shamir_tests" "--gtest_filter=FiniteFieldTest.AdditionWrapsCorrectly" "--gtest_also_run_disabled_tests"
Directory: /home/mayank/Desktop/Personal/Secret_Sharing/build/tests
"FiniteFieldTest.AdditionWrapsCorrectly" start time: May 31 12:01 IST
Output:
----------------------------------------------------------
Running main() from /home/mayank/Desktop/Personal/Secret_Sharing/build/_deps/googletest-src/googletest/src/gtest_main.cc
Note: Google Test filter = FiniteFieldTest.AdditionWrapsCorrectly
[==========] Running 1 test from 1 test suite.
[----------] Global test environment set-up.
[----------] 1 test from FiniteFieldTest
[ RUN      ] FiniteFieldTest.AdditionWrapsCorrectly
[       OK ] FiniteFieldTest.AdditionWrapsCorrectly (0 ms)
[----------] 1 test from FiniteFieldTest (0 ms total)

[----------] Global test environment tear-down
[==========] 1 test from 1 test suite ran. (0 ms total)
[  PASSED  ] 1 test.
<end of output>
Test time =   0.00 sec
----------------------------------------------------------
Test Passed.
"FiniteFieldTest.AdditionWrapsCorrectly" end time: May 31 12:01 IST
"FiniteFieldTest.AdditionWrapsCorrectly" time elapsed: 00:00:00
----------------------------------------------------------

2/10 Testing: FiniteFieldTest.SubtractionPreventsUnderflow
2/10 Test: FiniteFieldTest.SubtractionPreventsUnderflow
Command: "/home/mayank/Desktop/Personal/Secret_Sharing/build/tests/shamir_tests" "--gtest_filter=FiniteFieldTest.SubtractionPreventsUnderflow" "--gtest_also_run_disabled_tests"
Directory: /home/mayank/Desktop/Personal/Secret_Sharing/build/tests
"FiniteFieldTest.SubtractionPreventsUnderflow" start time: May 31 12:01 IST
Output:
----------------------------------------------------------
Running main() from /home/mayank/Desktop/Personal/Secret_Sharing/build/_deps/googletest-src/googletest/src/gtest_main.cc
Note: Google Test filter = FiniteFieldTest.SubtractionPreventsUnderflow
[==========] Running 1 test from 1 test suite.
[----------] Global test environment set-up.
[----------] 1 test from FiniteFieldTest
[ RUN      ] FiniteFieldTest.SubtractionPreventsUnderflow
[       OK ] FiniteFieldTest.SubtractionPreventsUnderflow (0 ms)
[----------] 1 test from FiniteFieldTest (0 ms total)

[----------] Global test environment tear-down
[==========] 1 test from 1 test suite ran. (0 ms total)
[  PASSED  ] 1 test.
<end of output>
Test time =   0.00 sec
----------------------------------------------------------
Test Passed.
"FiniteFieldTest.SubtractionPreventsUnderflow" end time: May 31 12:01 IST
"FiniteFieldTest.SubtractionPreventsUnderflow" time elapsed: 00:00:00
----------------------------------------------------------

3/10 Testing: FiniteFieldTest.MultiplicationWrapsCorrectly
3/10 Test: FiniteFieldTest.MultiplicationWrapsCorrectly
Command: "/home/mayank/Desktop/Personal/Secret_Sharing/build/tests/shamir_tests" "--gtest_filter=FiniteFieldTest.MultiplicationWrapsCorrectly" "--gtest_also_run_disabled_tests"
Directory: /home/mayank/Desktop/Personal/Secret_Sharing/build/tests
"FiniteFieldTest.MultiplicationWrapsCorrectly" start time: May 31 12:01 IST
Output:
----------------------------------------------------------
Running main() from /home/mayank/Desktop/Personal/Secret_Sharing/build/_deps/googletest-src/googletest/src/gtest_main.cc
Note: Google Test filter = FiniteFieldTest.MultiplicationWrapsCorrectly
[==========] Running 1 test from 1 test suite.
[----------] Global test environment set-up.
[----------] 1 test from FiniteFieldTest
[ RUN      ] FiniteFieldTest.MultiplicationWrapsCorrectly
[       OK ] FiniteFieldTest.MultiplicationWrapsCorrectly (0 ms)
[----------] 1 test from FiniteFieldTest (0 ms total)

[----------] Global test environment tear-down
[==========] 1 test from 1 test suite ran. (0 ms total)
[  PASSED  ] 1 test.
<end of output>
Test time =   0.00 sec
----------------------------------------------------------
Test Passed.
"FiniteFieldTest.MultiplicationWrapsCorrectly" end time: May 31 12:01 IST
"FiniteFieldTest.MultiplicationWrapsCorrectly" time elapsed: 00:00:00
----------------------------------------------------------

4/10 Testing: FiniteFieldTest.ModularInverseCalculatesCorrectly
4/10 Test: FiniteFieldTest.ModularInverseCalculatesCorrectly
Command: "/home/mayank/Desktop/Personal/Secret_Sharing/build/tests/shamir_tests" "--gtest_filter=FiniteFieldTest.ModularInverseCalculatesCorrectly" "--gtest_also_run_disabled_tests"
Directory: /home/mayank/Desktop/Personal/Secret_Sharing/build/tests
"FiniteFieldTest.ModularInverseCalculatesCorrectly" start time: May 31 12:01 IST
Output:
----------------------------------------------------------
Running main() from /home/mayank/Desktop/Personal/Secret_Sharing/build/_deps/googletest-src/googletest/src/gtest_main.cc
Note: Google Test filter = FiniteFieldTest.ModularInverseCalculatesCorrectly
[==========] Running 1 test from 1 test suite.
[----------] Global test environment set-up.
[----------] 1 test from FiniteFieldTest
[ RUN      ] FiniteFieldTest.ModularInverseCalculatesCorrectly
[       OK ] FiniteFieldTest.ModularInverseCalculatesCorrectly (0 ms)
[----------] 1 test from FiniteFieldTest (0 ms total)

[----------] Global test environment tear-down
[==========] 1 test from 1 test suite ran. (0 ms total)
[  PASSED  ] 1 test.
<end of output>
Test time =   0.00 sec
----------------------------------------------------------
Test Passed.
"FiniteFieldTest.ModularInverseCalculatesCorrectly" end time: May 31 12:01 IST
"FiniteFieldTest.ModularInverseCalculatesCorrectly" time elapsed: 00:00:00
----------------------------------------------------------

5/10 Testing: FiniteFieldTest.InvertingZeroThrowsException
5/10 Test: FiniteFieldTest.InvertingZeroThrowsException
Command: "/home/mayank/Desktop/Personal/Secret_Sharing/build/tests/shamir_tests" "--gtest_filter=FiniteFieldTest.InvertingZeroThrowsException" "--gtest_also_run_disabled_tests"
Directory: /home/mayank/Desktop/Personal/Secret_Sharing/build/tests
"FiniteFieldTest.InvertingZeroThrowsException" start time: May 31 12:01 IST
Output:
----------------------------------------------------------
Running main() from /home/mayank/Desktop/Personal/Secret_Sharing/build/_deps/googletest-src/googletest/src/gtest_main.cc
Note: Google Test filter = FiniteFieldTest.InvertingZeroThrowsException
[==========] Running 1 test from 1 test suite.
[----------] Global test environment set-up.
[----------] 1 test from FiniteFieldTest
[ RUN      ] FiniteFieldTest.InvertingZeroThrowsException
[       OK ] FiniteFieldTest.InvertingZeroThrowsException (0 ms)
[----------] 1 test from FiniteFieldTest (0 ms total)

[----------] Global test environment tear-down
[==========] 1 test from 1 test suite ran. (0 ms total)
[  PASSED  ] 1 test.
<end of output>
Test time =   0.00 sec
----------------------------------------------------------
Test Passed.
"FiniteFieldTest.InvertingZeroThrowsException" end time: May 31 12:01 IST
"FiniteFieldTest.InvertingZeroThrowsException" time elapsed: 00:00:00
----------------------------------------------------------

6/10 Testing: PolynomialTest.EvaluatesSecretAtZero
6/10 Test: PolynomialTest.EvaluatesSecretAtZero
Command: "/home/mayank/Desktop/Personal/Secret_Sharing/build/tests/shamir_tests" "--gtest_filter=PolynomialTest.EvaluatesSecretAtZero" "--gtest_also_run_disabled_tests"
Directory: /home/mayank/Desktop/Personal/Secret_Sharing/build/tests
"PolynomialTest.EvaluatesSecretAtZero" start time: May 31 12:01 IST
Output:
----------------------------------------------------------
Running main() from /home/mayank/Desktop/Personal/Secret_Sharing/build/_deps/googletest-src/googletest/src/gtest_main.cc
Note: Google Test filter = PolynomialTest.EvaluatesSecretAtZero
[==========] Running 1 test from 1 test suite.
[----------] Global test environment set-up.
[----------] 1 test from PolynomialTest
[ RUN      ] PolynomialTest.EvaluatesSecretAtZero
[       OK ] PolynomialTest.EvaluatesSecretAtZero (0 ms)
[----------] 1 test from PolynomialTest (0 ms total)

[----------] Global test environment tear-down
[==========] 1 test from 1 test suite ran. (0 ms total)
[  PASSED  ] 1 test.
<end of output>
Test time =   0.00 sec
----------------------------------------------------------
Test Passed.
"PolynomialTest.EvaluatesSecretAtZero" end time: May 31 12:01 IST
"PolynomialTest.EvaluatesSecretAtZero" time elapsed: 00:00:00
----------------------------------------------------------

7/10 Testing: PolynomialTest.ZeroThresholdThrowsException
7/10 Test: PolynomialTest.ZeroThresholdThrowsException
Command: "/home/mayank/Desktop/Personal/Secret_Sharing/build/tests/shamir_tests" "--gtest_filter=PolynomialTest.ZeroThresholdThrowsException" "--gtest_also_run_disabled_tests"
Directory: /home/mayank/Desktop/Personal/Secret_Sharing/build/tests
"PolynomialTest.ZeroThresholdThrowsException" start time: May 31 12:01 IST
Output:
----------------------------------------------------------
Running main() from /home/mayank/Desktop/Personal/Secret_Sharing/build/_deps/googletest-src/googletest/src/gtest_main.cc
Note: Google Test filter = PolynomialTest.ZeroThresholdThrowsException
[==========] Running 1 test from 1 test suite.
[----------] Global test environment set-up.
[----------] 1 test from PolynomialTest
[ RUN      ] PolynomialTest.ZeroThresholdThrowsException
[       OK ] PolynomialTest.ZeroThresholdThrowsException (0 ms)
[----------] 1 test from PolynomialTest (0 ms total)

[----------] Global test environment tear-down
[==========] 1 test from 1 test suite ran. (0 ms total)
[  PASSED  ] 1 test.
<end of output>
Test time =   0.00 sec
----------------------------------------------------------
Test Passed.
"PolynomialTest.ZeroThresholdThrowsException" end time: May 31 12:01 IST
"PolynomialTest.ZeroThresholdThrowsException" time elapsed: 00:00:00
----------------------------------------------------------

8/10 Testing: ShamirSecretSharingTest.SplitsAndReconstructsSuccessfully
8/10 Test: ShamirSecretSharingTest.SplitsAndReconstructsSuccessfully
Command: "/home/mayank/Desktop/Personal/Secret_Sharing/build/tests/shamir_tests" "--gtest_filter=ShamirSecretSharingTest.SplitsAndReconstructsSuccessfully" "--gtest_also_run_disabled_tests"
Directory: /home/mayank/Desktop/Personal/Secret_Sharing/build/tests
"ShamirSecretSharingTest.SplitsAndReconstructsSuccessfully" start time: May 31 12:01 IST
Output:
----------------------------------------------------------
Running main() from /home/mayank/Desktop/Personal/Secret_Sharing/build/_deps/googletest-src/googletest/src/gtest_main.cc
Note: Google Test filter = ShamirSecretSharingTest.SplitsAndReconstructsSuccessfully
[==========] Running 1 test from 1 test suite.
[----------] Global test environment set-up.
[----------] 1 test from ShamirSecretSharingTest
[ RUN      ] ShamirSecretSharingTest.SplitsAndReconstructsSuccessfully
[       OK ] ShamirSecretSharingTest.SplitsAndReconstructsSuccessfully (0 ms)
[----------] 1 test from ShamirSecretSharingTest (0 ms total)

[----------] Global test environment tear-down
[==========] 1 test from 1 test suite ran. (0 ms total)
[  PASSED  ] 1 test.
<end of output>
Test time =   0.00 sec
----------------------------------------------------------
Test Passed.
"ShamirSecretSharingTest.SplitsAndReconstructsSuccessfully" end time: May 31 12:01 IST
"ShamirSecretSharingTest.SplitsAndReconstructsSuccessfully" time elapsed: 00:00:00
----------------------------------------------------------

9/10 Testing: ShamirSecretSharingTest.ReconstructFailsWithInsufficientShares
9/10 Test: ShamirSecretSharingTest.ReconstructFailsWithInsufficientShares
Command: "/home/mayank/Desktop/Personal/Secret_Sharing/build/tests/shamir_tests" "--gtest_filter=ShamirSecretSharingTest.ReconstructFailsWithInsufficientShares" "--gtest_also_run_disabled_tests"
Directory: /home/mayank/Desktop/Personal/Secret_Sharing/build/tests
"ShamirSecretSharingTest.ReconstructFailsWithInsufficientShares" start time: May 31 12:01 IST
Output:
----------------------------------------------------------
Running main() from /home/mayank/Desktop/Personal/Secret_Sharing/build/_deps/googletest-src/googletest/src/gtest_main.cc
Note: Google Test filter = ShamirSecretSharingTest.ReconstructFailsWithInsufficientShares
[==========] Running 1 test from 1 test suite.
[----------] Global test environment set-up.
[----------] 1 test from ShamirSecretSharingTest
[ RUN      ] ShamirSecretSharingTest.ReconstructFailsWithInsufficientShares
[       OK ] ShamirSecretSharingTest.ReconstructFailsWithInsufficientShares (0 ms)
[----------] 1 test from ShamirSecretSharingTest (0 ms total)

[----------] Global test environment tear-down
[==========] 1 test from 1 test suite ran. (0 ms total)
[  PASSED  ] 1 test.
<end of output>
Test time =   0.00 sec
----------------------------------------------------------
Test Passed.
"ShamirSecretSharingTest.ReconstructFailsWithInsufficientShares" end time: May 31 12:01 IST
"ShamirSecretSharingTest.ReconstructFailsWithInsufficientShares" time elapsed: 00:00:00
----------------------------------------------------------

10/10 Testing: ShamirSecretSharingTest.InvalidThresholdThrows
10/10 Test: ShamirSecretSharingTest.InvalidThresholdThrows
Command: "/home/mayank/Desktop/Personal/Secret_Sharing/build/tests/shamir_tests" "--gtest_filter=ShamirSecretSharingTest.InvalidThresholdThrows" "--gtest_also_run_disabled_tests"
Directory: /home/mayank/Desktop/Personal/Secret_Sharing/build/tests
"ShamirSecretSharingTest.InvalidThresholdThrows" start time: May 31 12:01 IST
Output:
----------------------------------------------------------
Running main() from /home/mayank/Desktop/Personal/Secret_Sharing/build/_deps/googletest-src/googletest/src/gtest_main.cc
Note: Google Test filter = ShamirSecretSharingTest.InvalidThresholdThrows
[==========] Running 1 test from 1 test suite.
[----------] Global test environment set-up.
[----------] 1 test from ShamirSecretSharingTest
[ RUN      ] ShamirSecretSharingTest.InvalidThresholdThrows
[       OK ] ShamirSecretSharingTest.InvalidThresholdThrows (0 ms)
[----------] 1 test from ShamirSecretSharingTest (0 ms total)

[----------] Global test environment tear-down
[==========] 1 test from 1 test suite ran. (0 ms total)
[  PASSED  ] 1 test.
<end of output>
Test time =   0.00 sec
----------------------------------------------------------
Test Passed.
"ShamirSecretSharingTest.InvalidThresholdThrows" end time: May 31 12:01 IST
"ShamirSecretSharingTest.InvalidThresholdThrows" time elapsed: 00:00:00
----------------------------------------------------------

End testing: May 31 12:01 IST
